Indexing opening suite...
Started game 1 of 16 (Stockfish_Ver16_Skill=6_st=0.100sec vs Stockfish_Ver16_UCI_Elo=1900_tc=40/15min)
Finished game 1 (Stockfish_Ver16_Skill=6_st=0.100sec vs Stockfish_Ver16_UCI_Elo=1900_tc=40/15min): 1-0 {White wins by adjudication}
Score of Stockfish_Ver16_Skill=6_st=0.100sec vs Stockfish_Ver16_UCI_Elo=1900_tc=40/15min: 1 - 0 - 0  [1.000] 1
...      Stockfish_Ver16_Skill=6_st=0.100sec playing White: 1 - 0 - 0  [1.000] 1
...      White vs Black: 1 - 0 - 0  [1.000] 1
Elo difference: inf +/- nan, LOS: 84.1 %, DrawRatio: 0.0 %
SPRT: llr 0 (0.0%), lbound -inf, ubound inf
Started game 2 of 16 (Stockfish_Ver16_UCI_Elo=1900_tc=40/15min vs Stockfish_Ver16_Skill=6_st=0.100sec)
Finished game 2 (Stockfish_Ver16_UCI_Elo=1900_tc=40/15min vs Stockfish_Ver16_Skill=6_st=0.100sec): 0-1 {Black wins by adjudication}
Score of Stockfish_Ver16_Skill=6_st=0.100sec vs Stockfish_Ver16_UCI_Elo=1900_tc=40/15min: 2 - 0 - 0  [1.000] 2
...      Stockfish_Ver16_Skill=6_st=0.100sec playing White: 1 - 0 - 0  [1.000] 1
...      Stockfish_Ver16_Skill=6_st=0.100sec playing Black: 1 - 0 - 0  [1.000] 1
...      White vs Black: 1 - 1 - 0  [0.500] 2
Elo difference: inf +/- nan, LOS: 92.1 %, DrawRatio: 0.0 %
SPRT: llr 0 (0.0%), lbound -inf, ubound inf
Started game 3 of 16 (Stockfish_Ver16_Skill=6_st=0.100sec vs Stockfish_Ver16_UCI_Elo=1900_tc=40/15min)
Finished game 3 (Stockfish_Ver16_Skill=6_st=0.100sec vs Stockfish_Ver16_UCI_Elo=1900_tc=40/15min): 1-0 {White wins by adjudication}
Score of Stockfish_Ver16_Skill=6_st=0.100sec vs Stockfish_Ver16_UCI_Elo=1900_tc=40/15min: 3 - 0 - 0  [1.000] 3
...      Stockfish_Ver16_Skill=6_st=0.100sec playing White: 2 - 0 - 0  [1.000] 2
...      Stockfish_Ver16_Skill=6_st=0.100sec playing Black: 1 - 0 - 0  [1.000] 1
...      White vs Black: 2 - 1 - 0  [0.667] 3
Elo difference: inf +/- nan, LOS: 95.8 %, DrawRatio: 0.0 %
SPRT: llr 0 (0.0%), lbound -inf, ubound inf
Started game 4 of 16 (Stockfish_Ver16_UCI_Elo=1900_tc=40/15min vs Stockfish_Ver16_Skill=6_st=0.100sec)
Finished game 4 (Stockfish_Ver16_UCI_Elo=1900_tc=40/15min vs Stockfish_Ver16_Skill=6_st=0.100sec): 1-0 {White wins by adjudication}
Score of Stockfish_Ver16_Skill=6_st=0.100sec vs Stockfish_Ver16_UCI_Elo=1900_tc=40/15min: 3 - 1 - 0  [0.750] 4
...      Stockfish_Ver16_Skill=6_st=0.100sec playing White: 2 - 0 - 0  [1.000] 2
...      Stockfish_Ver16_Skill=6_st=0.100sec playing Black: 1 - 1 - 0  [0.500] 2
...      White vs Black: 3 - 1 - 0  [0.750] 4
Elo difference: 190.8 +/- nan, LOS: 84.1 %, DrawRatio: 0.0 %
SPRT: llr 0 (0.0%), lbound -inf, ubound inf
Started game 5 of 16 (Stockfish_Ver16_Skill=6_st=0.100sec vs Stockfish_Ver16_UCI_Elo=1900_tc=40/15min)
Finished game 5 (Stockfish_Ver16_Skill=6_st=0.100sec vs Stockfish_Ver16_UCI_Elo=1900_tc=40/15min): 1-0 {White wins by adjudication}
Score of Stockfish_Ver16_Skill=6_st=0.100sec vs Stockfish_Ver16_UCI_Elo=1900_tc=40/15min: 4 - 1 - 0  [0.800] 5
...      Stockfish_Ver16_Skill=6_st=0.100sec playing White: 3 - 0 - 0  [1.000] 3
...      Stockfish_Ver16_Skill=6_st=0.100sec playing Black: 1 - 1 - 0  [0.500] 2
...      White vs Black: 4 - 1 - 0  [0.800] 5
Elo difference: 240.8 +/- nan, LOS: 91.0 %, DrawRatio: 0.0 %
SPRT: llr 0 (0.0%), lbound -inf, ubound inf
Started game 6 of 16 (Stockfish_Ver16_UCI_Elo=1900_tc=40/15min vs Stockfish_Ver16_Skill=6_st=0.100sec)
Finished game 6 (Stockfish_Ver16_UCI_Elo=1900_tc=40/15min vs Stockfish_Ver16_Skill=6_st=0.100sec): 0-1 {Black wins by adjudication}
Score of Stockfish_Ver16_Skill=6_st=0.100sec vs Stockfish_Ver16_UCI_Elo=1900_tc=40/15min: 5 - 1 - 0  [0.833] 6
...      Stockfish_Ver16_Skill=6_st=0.100sec playing White: 3 - 0 - 0  [1.000] 3
...      Stockfish_Ver16_Skill=6_st=0.100sec playing Black: 2 - 1 - 0  [0.667] 3
...      White vs Black: 4 - 2 - 0  [0.667] 6
Elo difference: 279.6 +/- nan, LOS: 94.9 %, DrawRatio: 0.0 %
SPRT: llr 0 (0.0%), lbound -inf, ubound inf
Started game 7 of 16 (Stockfish_Ver16_Skill=6_st=0.100sec vs Stockfish_Ver16_UCI_Elo=1900_tc=40/15min)
Finished game 7 (Stockfish_Ver16_Skill=6_st=0.100sec vs Stockfish_Ver16_UCI_Elo=1900_tc=40/15min): 1-0 {White wins by adjudication}
Score of Stockfish_Ver16_Skill=6_st=0.100sec vs Stockfish_Ver16_UCI_Elo=1900_tc=40/15min: 6 - 1 - 0  [0.857] 7
...      Stockfish_Ver16_Skill=6_st=0.100sec playing White: 4 - 0 - 0  [1.000] 4
...      Stockfish_Ver16_Skill=6_st=0.100sec playing Black: 2 - 1 - 0  [0.667] 3
...      White vs Black: 5 - 2 - 0  [0.714] 7
Elo difference: 311.3 +/- nan, LOS: 97.1 %, DrawRatio: 0.0 %
SPRT: llr 0 (0.0%), lbound -inf, ubound inf
Started game 8 of 16 (Stockfish_Ver16_UCI_Elo=1900_tc=40/15min vs Stockfish_Ver16_Skill=6_st=0.100sec)
Finished game 8 (Stockfish_Ver16_UCI_Elo=1900_tc=40/15min vs Stockfish_Ver16_Skill=6_st=0.100sec): 1-0 {White wins by adjudication}
Score of Stockfish_Ver16_Skill=6_st=0.100sec vs Stockfish_Ver16_UCI_Elo=1900_tc=40/15min: 6 - 2 - 0  [0.750] 8
...      Stockfish_Ver16_Skill=6_st=0.100sec playing White: 4 - 0 - 0  [1.000] 4
...      Stockfish_Ver16_Skill=6_st=0.100sec playing Black: 2 - 2 - 0  [0.500] 4
...      White vs Black: 6 - 2 - 0  [0.750] 8
Elo difference: 190.8 +/- nan, LOS: 92.1 %, DrawRatio: 0.0 %
SPRT: llr 0 (0.0%), lbound -inf, ubound inf
Started game 9 of 16 (Stockfish_Ver16_Skill=6_st=0.100sec vs Stockfish_Ver16_UCI_Elo=1900_tc=40/15min)
Finished game 9 (Stockfish_Ver16_Skill=6_st=0.100sec vs Stockfish_Ver16_UCI_Elo=1900_tc=40/15min): 1-0 {White wins by adjudication}
Score of Stockfish_Ver16_Skill=6_st=0.100sec vs Stockfish_Ver16_UCI_Elo=1900_tc=40/15min: 7 - 2 - 0  [0.778] 9
...      Stockfish_Ver16_Skill=6_st=0.100sec playing White: 5 - 0 - 0  [1.000] 5
...      Stockfish_Ver16_Skill=6_st=0.100sec playing Black: 2 - 2 - 0  [0.500] 4
...      White vs Black: 7 - 2 - 0  [0.778] 9
Elo difference: 217.6 +/- nan, LOS: 95.2 %, DrawRatio: 0.0 %
SPRT: llr 0 (0.0%), lbound -inf, ubound inf
Started game 10 of 16 (Stockfish_Ver16_UCI_Elo=1900_tc=40/15min vs Stockfish_Ver16_Skill=6_st=0.100sec)
Finished game 10 (Stockfish_Ver16_UCI_Elo=1900_tc=40/15min vs Stockfish_Ver16_Skill=6_st=0.100sec): 1-0 {White wins by adjudication}
Score of Stockfish_Ver16_Skill=6_st=0.100sec vs Stockfish_Ver16_UCI_Elo=1900_tc=40/15min: 7 - 3 - 0  [0.700] 10
...      Stockfish_Ver16_Skill=6_st=0.100sec playing White: 5 - 0 - 0  [1.000] 5
...      Stockfish_Ver16_Skill=6_st=0.100sec playing Black: 2 - 3 - 0  [0.400] 5
...      White vs Black: 8 - 2 - 0  [0.800] 10
Elo difference: 147.2 +/- 385.0, LOS: 89.7 %, DrawRatio: 0.0 %
SPRT: llr 0 (0.0%), lbound -inf, ubound inf
Started game 11 of 16 (Stockfish_Ver16_Skill=6_st=0.100sec vs Stockfish_Ver16_UCI_Elo=1900_tc=40/15min)
Finished game 11 (Stockfish_Ver16_Skill=6_st=0.100sec vs Stockfish_Ver16_UCI_Elo=1900_tc=40/15min): 0-1 {Black wins by adjudication}
Score of Stockfish_Ver16_Skill=6_st=0.100sec vs Stockfish_Ver16_UCI_Elo=1900_tc=40/15min: 7 - 4 - 0  [0.636] 11
...      Stockfish_Ver16_Skill=6_st=0.100sec playing White: 5 - 1 - 0  [0.833] 6
...      Stockfish_Ver16_Skill=6_st=0.100sec playing Black: 2 - 3 - 0  [0.400] 5
...      White vs Black: 8 - 3 - 0  [0.727] 11
Elo difference: 97.2 +/- 265.2, LOS: 81.7 %, DrawRatio: 0.0 %
SPRT: llr 0 (0.0%), lbound -inf, ubound inf
Started game 12 of 16 (Stockfish_Ver16_UCI_Elo=1900_tc=40/15min vs Stockfish_Ver16_Skill=6_st=0.100sec)
Finished game 12 (Stockfish_Ver16_UCI_Elo=1900_tc=40/15min vs Stockfish_Ver16_Skill=6_st=0.100sec): 0-1 {Black wins by adjudication}
Score of Stockfish_Ver16_Skill=6_st=0.100sec vs Stockfish_Ver16_UCI_Elo=1900_tc=40/15min: 8 - 4 - 0  [0.667] 12
...      Stockfish_Ver16_Skill=6_st=0.100sec playing White: 5 - 1 - 0  [0.833] 6
...      Stockfish_Ver16_Skill=6_st=0.100sec playing Black: 3 - 3 - 0  [0.500] 6
...      White vs Black: 8 - 4 - 0  [0.667] 12
Elo difference: 120.4 +/- 263.9, LOS: 87.6 %, DrawRatio: 0.0 %
SPRT: llr 0 (0.0%), lbound -inf, ubound inf
Started game 13 of 16 (Stockfish_Ver16_Skill=6_st=0.100sec vs Stockfish_Ver16_UCI_Elo=1900_tc=40/15min)
Finished game 13 (Stockfish_Ver16_Skill=6_st=0.100sec vs Stockfish_Ver16_UCI_Elo=1900_tc=40/15min): 1-0 {White wins by adjudication}
Score of Stockfish_Ver16_Skill=6_st=0.100sec vs Stockfish_Ver16_UCI_Elo=1900_tc=40/15min: 9 - 4 - 0  [0.692] 13
...      Stockfish_Ver16_Skill=6_st=0.100sec playing White: 6 - 1 - 0  [0.857] 7
...      Stockfish_Ver16_Skill=6_st=0.100sec playing Black: 3 - 3 - 0  [0.500] 6
...      White vs Black: 9 - 4 - 0  [0.692] 13
Elo difference: 140.9 +/- 263.8, LOS: 91.7 %, DrawRatio: 0.0 %
SPRT: llr 0 (0.0%), lbound -inf, ubound inf
Started game 14 of 16 (Stockfish_Ver16_UCI_Elo=1900_tc=40/15min vs Stockfish_Ver16_Skill=6_st=0.100sec)
Finished game 14 (Stockfish_Ver16_UCI_Elo=1900_tc=40/15min vs Stockfish_Ver16_Skill=6_st=0.100sec): 1/2-1/2 {Draw by adjudication}
Score of Stockfish_Ver16_Skill=6_st=0.100sec vs Stockfish_Ver16_UCI_Elo=1900_tc=40/15min: 9 - 4 - 1  [0.679] 14
...      Stockfish_Ver16_Skill=6_st=0.100sec playing White: 6 - 1 - 0  [0.857] 7
...      Stockfish_Ver16_Skill=6_st=0.100sec playing Black: 3 - 3 - 1  [0.500] 7
...      White vs Black: 9 - 4 - 1  [0.679] 14
Elo difference: 129.8 +/- 223.2, LOS: 91.7 %, DrawRatio: 7.1 %
SPRT: llr 0 (0.0%), lbound -inf, ubound inf
Started game 15 of 16 (Stockfish_Ver16_Skill=6_st=0.100sec vs Stockfish_Ver16_UCI_Elo=1900_tc=40/15min)
Finished game 15 (Stockfish_Ver16_Skill=6_st=0.100sec vs Stockfish_Ver16_UCI_Elo=1900_tc=40/15min): 1-0 {White wins by adjudication}
Score of Stockfish_Ver16_Skill=6_st=0.100sec vs Stockfish_Ver16_UCI_Elo=1900_tc=40/15min: 10 - 4 - 1  [0.700] 15
...      Stockfish_Ver16_Skill=6_st=0.100sec playing White: 7 - 1 - 0  [0.875] 8
...      Stockfish_Ver16_Skill=6_st=0.100sec playing Black: 3 - 3 - 1  [0.500] 7
...      White vs Black: 10 - 4 - 1  [0.700] 15
Elo difference: 147.2 +/- 222.5, LOS: 94.6 %, DrawRatio: 6.7 %
SPRT: llr 0 (0.0%), lbound -inf, ubound inf
Started game 16 of 16 (Stockfish_Ver16_UCI_Elo=1900_tc=40/15min vs Stockfish_Ver16_Skill=6_st=0.100sec)
Finished game 16 (Stockfish_Ver16_UCI_Elo=1900_tc=40/15min vs Stockfish_Ver16_Skill=6_st=0.100sec): 0-1 {Black wins by adjudication}
Score of Stockfish_Ver16_Skill=6_st=0.100sec vs Stockfish_Ver16_UCI_Elo=1900_tc=40/15min: 11 - 4 - 1  [0.719] 16
...      Stockfish_Ver16_Skill=6_st=0.100sec playing White: 7 - 1 - 0  [0.875] 8
...      Stockfish_Ver16_Skill=6_st=0.100sec playing Black: 4 - 3 - 1  [0.563] 8
...      White vs Black: 10 - 5 - 1  [0.656] 16
Elo difference: 163.0 +/- 222.2, LOS: 96.5 %, DrawRatio: 6.3 %
SPRT: llr 0 (0.0%), lbound -inf, ubound inf

Player: Stockfish_Ver16_Skill=6_st=0.100sec
   "Draw by adjudication": 1
   "Loss: Black wins by adjudication": 1
   "Loss: White wins by adjudication": 3
   "Win: Black wins by adjudication": 4
   "Win: White wins by adjudication": 7
Player: Stockfish_Ver16_UCI_Elo=1900_tc=40/15min
   "Draw by adjudication": 1
   "Loss: Black wins by adjudication": 4
   "Loss: White wins by adjudication": 7
   "Win: Black wins by adjudication": 1
   "Win: White wins by adjudication": 3
Finished match
