version 0057, Copyright (C) 1997-2010 Remi Coulom.
compiled Oct 21 2023 19:25:39.
This program comes with ABSOLUTELY NO WARRANTY.
This is free software, and you are welcome to redistribute it
under the terms and conditions of the GNU General Public License.
See http://www.gnu.org/copyleft/gpl.html for details.
ResultSet>ResultSet>ResultSet-EloRating>00:00:00,00
ResultSet-EloRating>ResultSet-EloRating>ResultSet>
File: SF16-tournaments_32+20+18+2x160_Copies-merged.pgn
Loading data (2000 games x dot): 

|

Total games                 390
 - White wins               222
 - Draws                     21
 - Black wins               147
 - Truncated/Discarded        0
Unique head to head        7.95%
Reference rating      1785.0 (set to "Threads10_stockfish_15.1_Elo1785_40_60,000+600ms")

Loose Anchors = none
Relative Anchors = none


players with no games = 0
players with all wins = 1
players w/ all losses = 1
players, total purged = 2

