Processing SF16-tournaments_UNselected.pgn
stockfish_16-SL4_acherm_handicapped_100ms - Threads10_stockfish_15.1_Elo1785_40_60,000+600ms Stockfish Elo baseline testing: various time controls ch3cksout@skiff.com: localhost 2023.10.18 
Threads10_stockfish_15.1_Elo1785_40_60,000+600ms - stockfish_16-SL4_acherm_handicapped_100ms Stockfish Elo baseline testing: various time controls ch3cksout@skiff.com: localhost 2023.10.18 
stockfish_16-SL4_acherm_handicapped_20ms - Threads10_stockfish_15.1_Elo1785_40_60,000+600ms Stockfish Elo baseline testing: various time controls ch3cksout@skiff.com: localhost 2023.10.18 
stockfish_16-SL4_acherm_handicapped_20ms - stockfish_16-SL4_UNhandicapped_40_4min Stockfish Elo baseline testing: various time controls ch3cksout@skiff.com: localhost 2023.10.18 
stockfish_16-SL4_UNhandicapped_40_4min - stockfish_16-SL4_acherm_handicapped_20ms Stockfish Elo baseline testing: various time controls ch3cksout@skiff.com: localhost 2023.10.18 
stockfish_16-SL4_acherm_handicapped_20ms - Threads10_stockfish_15.1_Elo1785_40_60,000+600ms Stockfish Elo baseline testing: various time controls ch3cksout@skiff.com: localhost 2023.10.18 
stockfish_16-SL4_acherm_handicapped_20ms - stockfish_16-SL4_UNhandicapped_40_4min Stockfish Elo baseline testing: various time controls ch3cksout@skiff.com: localhost 2023.10.18 
stockfish_16-SL4_acherm_handicapped_20ms - stockfish_16-SL4_UNhandicapped_40_4min Stockfish Elo baseline testing: various time controls ch3cksout@skiff.com: localhost 2023.10.19 
stockfish_16-SL4_acherm_handicapped_20ms - Threads10_stockfish_15.1_Elo1785_40_60,000+600ms Stockfish Elo baseline testing: various time controls ch3cksout@skiff.com: localhost 2023.10.19 
stockfish_16-SL4_acherm_handicapped_20ms - stockfish_16-SL4_UNhandicapped_40_4min Stockfish Elo baseline testing: various time controls ch3cksout@skiff.com: localhost 2023.10.19 
stockfish_16-SL4_acherm_handicapped_20ms - Threads10_stockfish_15.1_Elo1785_40_60,000+600ms Stockfish Elo baseline testing: various time controls ch3cksout@skiff.com: localhost 2023.10.19 
stockfish_16-SL4_acherm_handicapped_20ms - Threads10_stockfish_15.1_Elo1785_40_60,000+600ms Stockfish Elo baseline testing: various time controls ch3cksout@skiff.com: localhost 2023.10.19 
stockfish_16-SL4_acherm_handicapped_20ms - Threads10_stockfish_15.1_Elo1785_40_60,000+600ms Stockfish Elo baseline testing: various time controls ch3cksout@skiff.com: localhost 2023.10.19 
stockfish_16-SL4_acherm_handicapped_20ms - stockfish_16-SL4_UNhandicapped_40_4min Stockfish Elo baseline testing: various time controls ch3cksout@skiff.com: localhost 2023.10.19 
stockfish_16-SL4_acherm_handicapped_20ms - Threads10_stockfish_15.1_Elo1785_40_60,000+600ms Stockfish Elo baseline testing: various time controls ch3cksout@skiff.com: localhost 2023.10.19 
stockfish_16-SL4_acherm_handicapped_20ms - Threads10_stockfish_15.1_Elo1785_40_60,000+600ms Stockfish Elo baseline testing: various time controls ch3cksout@skiff.com: localhost 2023.10.19 
stockfish_16-SL4_acherm_handicapped_20ms - Threads10_stockfish_15.1_Elo1785_40_60,000+600ms Stockfish Elo baseline testing: various time controls ch3cksout@skiff.com: localhost 2023.10.19 
stockfish_16-SL4_acherm_handicapped_20ms - stockfish_16-SL4_UNhandicapped_4min+1sec Stockfish Elo baseline testing: various time controls ch3cksout@skiff.com: localhost 2023.10.19 
stockfish_16-SL4_acherm_handicapped_20ms - Threads10_stockfish_15.1_Elo1785_40_60,000+600ms Stockfish Elo baseline testing: various time controls ch3cksout@skiff.com: localhost 2023.10.19 
stockfish_16-SL4_acherm_handicapped_20ms - stockfish_16-SL4_UNhandicapped_4min+1sec Stockfish Elo baseline testing: various time controls ch3cksout@skiff.com: localhost 2023.10.19 
stockfish_16-SL4_acherm_handicapped_20ms - stockfish_16-SL4_UNhandicapped_4min+1sec Stockfish Elo baseline testing: various time controls ch3cksout@skiff.com: localhost 2023.10.19 
stockfish_16-SL4_acherm_handicapped_20ms - Threads10_stockfish_15.1_Elo1785_40_60,000+600ms Stockfish Elo baseline testing: various time controls ch3cksout@skiff.com: localhost 2023.10.19 
stockfish_16-SL4_acherm_handicapped_20ms - stockfish_16-SL4_UNhandicapped_4min+1sec Stockfish Elo baseline testing: various time controls ch3cksout@skiff.com: localhost 2023.10.19 
stockfish_16-SL4_acherm_handicapped_20ms - stockfish_16-SL4_UNhandicapped_4min+1sec Stockfish Elo baseline testing: various time controls ch3cksout@skiff.com: localhost 2023.10.20 
stockfish_16-SL4_acherm_handicapped_20ms - stockfish_16-SL4_UNhandicapped_4min+1sec Stockfish Elo baseline testing: various time controls ch3cksout@skiff.com: localhost 2023.10.20 
stockfish_16-SL4_acherm_handicapped_20ms - Threads10_stockfish_15.1_Elo1785_40_60,000+600ms Stockfish Elo baseline testing: various time controls ch3cksout@skiff.com: localhost 2023.10.20 
stockfish_16-SL4_acherm_handicapped_20ms - stockfish_16-SL4_UNhandicapped_4min+1sec Stockfish Elo baseline testing: various time controls ch3cksout@skiff.com: localhost 2023.10.20 
27 games matched out of 356.
