Processing SF16-tournaments_32+20+18+2x160.pgn
Threads10_stockfish_15.1_Elo1785_40_60,000+600ms-Copy1 - Threads10_stockfish_15.1_Elo1785_40_60,000+600ms-Copy2 Stockfish Elo baseline testing: trying to track segfault ch3cksout@skiff.com: localhost 2023.10.19 
Threads10_stockfish_15.1_Elo1785_40_60,000+600ms-Copy2 - Threads10_stockfish_15.1_Elo1785_40_60,000+600ms-Copy1 Stockfish Elo baseline testing: trying to track segfault ch3cksout@skiff.com: localhost 2023.10.19 
Threads10_stockfish_15.1_Elo1785_40_60,000+600ms-Copy1 - Threads10_stockfish_15.1_Elo1785_40_60,000+600ms-Copy2 Stockfish Elo baseline testing: trying to track segfault ch3cksout@skiff.com: localhost 2023.10.19 
Threads10_stockfish_15.1_Elo1785_40_60,000+600ms-Copy2 - Threads10_stockfish_15.1_Elo1785_40_60,000+600ms-Copy1 Stockfish Elo baseline testing: trying to track segfault ch3cksout@skiff.com: localhost 2023.10.19 
Threads10_stockfish_15.1_Elo1785_40_60,000+600ms-Copy1 - Threads10_stockfish_15.1_Elo1785_40_60,000+600ms-Copy2 Stockfish Elo baseline testing: trying to track segfault ch3cksout@skiff.com: localhost 2023.10.19 
Threads10_stockfish_15.1_Elo1785_40_60,000+600ms-Copy2 - Threads10_stockfish_15.1_Elo1785_40_60,000+600ms-Copy1 Stockfish Elo baseline testing: trying to track segfault ch3cksout@skiff.com: localhost 2023.10.19 
Threads10_stockfish_15.1_Elo1785_40_60,000+600ms-Copy1 - Threads10_stockfish_15.1_Elo1785_40_60,000+600ms-Copy2 Stockfish Elo baseline testing: trying to track segfault ch3cksout@skiff.com: localhost 2023.10.19 
Threads10_stockfish_15.1_Elo1785_40_60,000+600ms-Copy2 - Threads10_stockfish_15.1_Elo1785_40_60,000+600ms-Copy1 Stockfish Elo baseline testing: trying to track segfault ch3cksout@skiff.com: localhost 2023.10.19 
Threads10_stockfish_15.1_Elo1785_40_60,000+600ms-Copy1 - Threads10_stockfish_15.1_Elo1785_40_60,000+600ms-Copy2 Stockfish Elo baseline testing: trying to track segfault ch3cksout@skiff.com: localhost 2023.10.19 
Threads10_stockfish_15.1_Elo1785_40_60,000+600ms-Copy2 - Threads10_stockfish_15.1_Elo1785_40_60,000+600ms-Copy1 Stockfish Elo baseline testing: trying to track segfault ch3cksout@skiff.com: localhost 2023.10.19 
Threads10_stockfish_15.1_Elo1785_40_60,000+600ms-Copy1 - Threads10_stockfish_15.1_Elo1785_40_60,000+600ms-Copy2 Stockfish Elo baseline testing: trying to track segfault ch3cksout@skiff.com: localhost 2023.10.19 
Threads10_stockfish_15.1_Elo1785_40_60,000+600ms-Copy2 - Threads10_stockfish_15.1_Elo1785_40_60,000+600ms-Copy1 Stockfish Elo baseline testing: trying to track segfault ch3cksout@skiff.com: localhost 2023.10.19 
Threads10_stockfish_15.1_Elo1785_40_60,000+600ms-Copy1 - Threads10_stockfish_15.1_Elo1785_40_60,000+600ms-Copy2 Stockfish Elo baseline testing: trying to track segfault ch3cksout@skiff.com: localhost 2023.10.19 
Threads10_stockfish_15.1_Elo1785_40_60,000+600ms-Copy2 - Threads10_stockfish_15.1_Elo1785_40_60,000+600ms-Copy1 Stockfish Elo baseline testing: trying to track segfault ch3cksout@skiff.com: localhost 2023.10.19 
Threads10_stockfish_15.1_Elo1785_40_60,000+600ms-Copy1 - Threads10_stockfish_15.1_Elo1785_40_60,000+600ms-Copy2 Stockfish Elo baseline testing: trying to track segfault ch3cksout@skiff.com: localhost 2023.10.19 
Threads10_stockfish_15.1_Elo1785_40_60,000+600ms-Copy2 - Threads10_stockfish_15.1_Elo1785_40_60,000+600ms-Copy1 Stockfish Elo baseline testing: trying to track segfault ch3cksout@skiff.com: localhost 2023.10.19 
Threads10_stockfish_15.1_Elo1785_40_60,000+600ms-Copy1 - Threads10_stockfish_15.1_Elo1785_40_60,000+600ms-Copy2 Stockfish Elo baseline testing: trying to track segfault ch3cksout@skiff.com: localhost 2023.10.19 
Threads10_stockfish_15.1_Elo1785_40_60,000+600ms-Copy2 - Threads10_stockfish_15.1_Elo1785_40_60,000+600ms-Copy1 Stockfish Elo baseline testing: trying to track segfault ch3cksout@skiff.com: localhost 2023.10.19 
Threads10_stockfish_15.1_Elo1785_40_60,000+600ms-Copy1 - Threads10_stockfish_15.1_Elo1785_40_60,000+600ms-Copy2 Stockfish Elo baseline testing: trying to track segfault ch3cksout@skiff.com: localhost 2023.10.19 
Threads10_stockfish_15.1_Elo1785_40_60,000+600ms-Copy2 - Threads10_stockfish_15.1_Elo1785_40_60,000+600ms-Copy1 Stockfish Elo baseline testing: trying to track segfault ch3cksout@skiff.com: localhost 2023.10.19 
Threads10_stockfish_15.1_Elo1785_40_60,000+600ms-Copy1 - Threads10_stockfish_15.1_Elo1785_40_60,000+600ms-Copy2 Stockfish Elo baseline testing: trying to track segfault ch3cksout@skiff.com: localhost 2023.10.19 
Threads10_stockfish_15.1_Elo1785_40_60,000+600ms-Copy2 - Threads10_stockfish_15.1_Elo1785_40_60,000+600ms-Copy1 Stockfish Elo baseline testing: trying to track segfault ch3cksout@skiff.com: localhost 2023.10.19 
Threads10_stockfish_15.1_Elo1785_40_60,000+600ms-Copy1 - Threads10_stockfish_15.1_Elo1785_40_60,000+600ms-Copy2 Stockfish Elo baseline testing: trying to track segfault ch3cksout@skiff.com: localhost 2023.10.19 
Threads10_stockfish_15.1_Elo1785_40_60,000+600ms-Copy2 - Threads10_stockfish_15.1_Elo1785_40_60,000+600ms-Copy1 Stockfish Elo baseline testing: trying to track segfault ch3cksout@skiff.com: localhost 2023.10.19 
Threads10_stockfish_15.1_Elo1785_40_60,000+600ms-Copy1 - Threads10_stockfish_15.1_Elo1785_40_60,000+600ms-Copy2 Stockfish Elo baseline testing: trying to track segfault ch3cksout@skiff.com: localhost 2023.10.19 
Threads10_stockfish_15.1_Elo1785_40_60,000+600ms-Copy2 - Threads10_stockfish_15.1_Elo1785_40_60,000+600ms-Copy1 Stockfish Elo baseline testing: trying to track segfault ch3cksout@skiff.com: localhost 2023.10.19 
Threads10_stockfish_15.1_Elo1785_40_60,000+600ms-Copy1 - Threads10_stockfish_15.1_Elo1785_40_60,000+600ms-Copy2 Stockfish Elo baseline testing: trying to track segfault ch3cksout@skiff.com: localhost 2023.10.19 
Threads10_stockfish_15.1_Elo1785_40_60,000+600ms-Copy2 - Threads10_stockfish_15.1_Elo1785_40_60,000+600ms-Copy1 Stockfish Elo baseline testing: trying to track segfault ch3cksout@skiff.com: localhost 2023.10.19 
Threads10_stockfish_15.1_Elo1785_40_60,000+600ms-Copy1 - Threads10_stockfish_15.1_Elo1785_40_60,000+600ms-Copy2 Stockfish Elo baseline testing: trying to track segfault ch3cksout@skiff.com: localhost 2023.10.19 
Threads10_stockfish_15.1_Elo1785_40_60,000+600ms-Copy2 - Threads10_stockfish_15.1_Elo1785_40_60,000+600ms-Copy1 Stockfish Elo baseline testing: trying to track segfault ch3cksout@skiff.com: localhost 2023.10.19 
Threads10_stockfish_15.1_Elo1785_40_60,000+600ms-Copy1 - Threads10_stockfish_15.1_Elo1785_40_60,000+600ms-Copy2 Stockfish Elo baseline testing: trying to track segfault ch3cksout@skiff.com: localhost 2023.10.19 
Threads10_stockfish_15.1_Elo1785_40_60,000+600ms-Copy2 - Threads10_stockfish_15.1_Elo1785_40_60,000+600ms-Copy1 Stockfish Elo baseline testing: trying to track segfault ch3cksout@skiff.com: localhost 2023.10.19 
stockfish_16_acherm_handicapped - stockfish_16_acherm_handicapped2 Stockfish Elo baseline testing: various time controls ch3cksout@skiff.com: localhost 2023.10.18 
stockfish_16_acherm_handicapped2 - stockfish_16_acherm_handicapped Stockfish Elo baseline testing: various time controls ch3cksout@skiff.com: localhost 2023.10.18 
34 games matched out of 390.
